<?xml version="1.0" encoding="UTF-8"?>
<!-- Generated by org.testng.reporters.JUnitReportReporter -->
<testsuite hostname="DESKTOP-HOO85PR" failures="0" tests="5" name="seleniumfirst.Testngsample" time="4.813" errors="0" timestamp="2024-04-08T21:34:48 IST" skipped="1">
  <testcase classname="seleniumfirst.Testngsample" name="sample1" time="0.011"/>
  <system-out/>
  <testcase classname="seleniumfirst.Testngsample" name="sample1" time="0.002"/>
  <system-out/>
  <testcase classname="seleniumfirst.Testngsample" name="sample" time="4.799"/>
  <system-out/>
  <testcase classname="seleniumfirst.Testngsample" name="sample3" time="0.001"/>
  <system-out/>
  <testcase classname="seleniumfirst.Testngsample" name="sample2">
    <skipped/>
  </testcase> <!-- sample2 -->
  <system-out/>
</testsuite> <!-- seleniumfirst.Testngsample -->
