<?xml version="1.0" encoding="UTF-8"?>
<!-- Generated by org.testng.reporters.JUnitReportReporter -->
<testsuite hostname="DESKTOP-HOO85PR" failures="0" tests="2" name="practice.dataproviderexample" time="14.479" errors="0" timestamp="2024-04-29T21:03:30 IST" skipped="0">
  <testcase classname="practice.dataproviderexample" name="values" time="5.716"/>
  <system-out/>
  <testcase classname="practice.dataproviderexample" name="values" time="8.763"/>
  <system-out/>
</testsuite> <!-- practice.dataproviderexample -->
