<?xml version="1.0" encoding="UTF-8"?>
<!-- Generated by org.testng.reporters.JUnitReportReporter -->
<testsuite hostname="DESKTOP-HOO85PR" failures="0" tests="1" name="practice.checkbox" time="24.056" errors="0" timestamp="2024-04-29T21:05:15 IST" skipped="0">
  <testcase classname="practice.checkbox" name="edge" time="24.056"/>
  <system-out/>
</testsuite> <!-- practice.checkbox -->
