<?xml version="1.0" encoding="UTF-8"?>
<!-- Generated by org.testng.reporters.JUnitReportReporter -->
<testsuite hostname="DESKTOP-HOO85PR" failures="0" tests="3" name="practice.browserTest" time="22.501" errors="0" timestamp="2024-04-24T21:41:14 IST" skipped="0">
  <testcase classname="practice.browserTest" name="firefox" time="10.637"/>
  <system-out/>
  <testcase classname="practice.browserTest" name="edge" time="6.898"/>
  <system-out/>
  <testcase classname="practice.browserTest" name="chrome" time="4.966"/>
  <system-out/>
</testsuite> <!-- practice.browserTest -->
