<?xml version="1.0" encoding="UTF-8"?>
<!-- Generated by org.testng.reporters.JUnitReportReporter -->
<testsuite hostname="DESKTOP-HOO85PR" failures="0" tests="1" name="practice.practice1" time="10.318" errors="0" timestamp="2024-04-24T20:59:42 IST" skipped="0">
  <testcase classname="practice.practice1" name="openChrome" time="10.318"/>
  <system-out/>
</testsuite> <!-- practice.practice1 -->
