<?xml version="1.0" encoding="UTF-8"?>
<!-- Generated by org.testng.reporters.JUnitReportReporter -->
<testsuite hostname="DESKTOP-HOO85PR" failures="0" tests="1" name="practice.iframeexample" time="25.812" errors="0" timestamp="2024-04-30T21:04:26 IST" skipped="0">
  <testcase classname="practice.iframeexample" name="method1" time="25.812"/>
  <system-out/>
</testsuite> <!-- practice.iframeexample -->
