<?xml version="1.0" encoding="UTF-8"?>
<!-- Generated by org.testng.reporters.JUnitReportReporter -->
<testsuite hostname="DESKTOP-HOO85PR" failures="0" tests="1" name="practice.Table1" time="7.458" errors="0" timestamp="2024-04-26T21:15:45 IST" skipped="0">
  <testcase classname="practice.Table1" name="tableMethod" time="7.458"/>
  <system-out/>
</testsuite> <!-- practice.Table1 -->
